#
# There is insufficient memory for the Java Runtime Environment to continue.
# Native memory allocation (malloc) failed to allocate 539984 bytes for Chunk::new
# Possible reasons:
#   The system is out of physical RAM or swap space
#   The process is running with CompressedOops enabled, and the Java Heap may be blocking the growth of the native heap
# Possible solutions:
#   Reduce memory load on the system
#   Increase physical memory or swap space
#   Check if swap backing store is full
#   Decrease Java heap size (-Xmx/-Xms)
#   Decrease number of Java threads
#   Decrease Java thread stack sizes (-Xss)
#   Set larger code cache with -XX:ReservedCodeCacheSize=
#   JVM is running with Unscaled Compressed Oops mode in which the Java heap is
#     placed in the first 4GB address space. The Java Heap base address is the
#     maximum limit for the native heap growth. Please use -XX:HeapBaseMinAddress
#     to set the Java Heap base and to place the Java Heap above 4GB virtual address.
# This output file may be truncated or incomplete.
#
#  Out of Memory Error (arena.cpp:191), pid=5900, tid=17292
#
# JRE version: OpenJDK Runtime Environment Corretto-17.0.10.7.1 (17.0.10+7) (build 17.0.10+7-LTS)
# Java VM: OpenJDK 64-Bit Server VM Corretto-17.0.10.7.1 (17.0.10+7-LTS, mixed mode, sharing, tiered, compressed oops, compressed class ptrs, g1 gc, windows-amd64)
# No core dump will be written. Minidumps are not enabled by default on client versions of Windows
#

---------------  S U M M A R Y ------------

Command Line: -Dfile.encoding=UTF-8 Business.ProfileWorkAreaMainFrame

Host: AMD Ryzen 5 4600H with Radeon Graphics         , 12 cores, 7G,  Windows 11 , 64 bit Build 22621 (10.0.22621.3085)
Time: Tue Mar 12 20:17:25 2024 Eastern Daylight Time elapsed time: 13.497554 seconds (0d 0h 0m 13s)

---------------  T H R E A D  ---------------

Current thread (0x00000160f112e8b0):  JavaThread "C2 CompilerThread0" daemon [_thread_in_native, id=17292, stack(0x0000002b66400000,0x0000002b66500000)]


Current CompileTask:
C2:  13497 1963 %     4       sun.java2d.marlin.Renderer::_endRendering @ 1927 (2480 bytes)

Stack: [0x0000002b66400000,0x0000002b66500000]
Native frames: (J=compiled Java code, j=interpreted, Vv=VM code, C=native code)
V  [jvm.dll+0x67d2c9]
V  [jvm.dll+0x834b1a]
V  [jvm.dll+0x8365de]
V  [jvm.dll+0x836c43]
V  [jvm.dll+0x2477ff]
V  [jvm.dll+0xac514]
V  [jvm.dll+0xacb5c]
V  [jvm.dll+0x3667d7]
V  [jvm.dll+0x1bcc06]
V  [jvm.dll+0x21a049]
V  [jvm.dll+0x219311]
V  [jvm.dll+0x1a502d]
V  [jvm.dll+0x2290de]
V  [jvm.dll+0x2272ac]
V  [jvm.dll+0x7e9bd7]
V  [jvm.dll+0x7e3fda]
V  [jvm.dll+0x67c1b5]
C  [ucrtbase.dll+0x29363]
C  [KERNEL32.DLL+0x1257d]
C  [ntdll.dll+0x5aa58]


---------------  P R O C E S S  ---------------

Threads class SMR info:
_java_thread_list=0x00000160f6f2ecb0, length=18, elements={
0x00000160f1117cc0, 0x00000160f1118940, 0x00000160f112abb0, 0x00000160f112b830,
0x00000160f112d200, 0x00000160f112dbc0, 0x00000160f112e8b0, 0x00000160f112f2b0,
0x00000160f112fcb0, 0x00000160f136a170, 0x00000160f136fac0, 0x00000160f15b2350,
0x00000160f15b7470, 0x00000160f15b7950, 0x00000160f15e5a10, 0x00000160d2e4e0e0,
0x00000160fb432290, 0x00000160fb4bbf50
}

Java Threads: ( => current thread )
  0x00000160f1117cc0 JavaThread "Reference Handler" daemon [_thread_blocked, id=33772, stack(0x0000002b65e00000,0x0000002b65f00000)]
  0x00000160f1118940 JavaThread "Finalizer" daemon [_thread_blocked, id=27884, stack(0x0000002b65f00000,0x0000002b66000000)]
  0x00000160f112abb0 JavaThread "Signal Dispatcher" daemon [_thread_blocked, id=17696, stack(0x0000002b66000000,0x0000002b66100000)]
  0x00000160f112b830 JavaThread "Attach Listener" daemon [_thread_blocked, id=32680, stack(0x0000002b66100000,0x0000002b66200000)]
  0x00000160f112d200 JavaThread "Service Thread" daemon [_thread_blocked, id=31132, stack(0x0000002b66200000,0x0000002b66300000)]
  0x00000160f112dbc0 JavaThread "Monitor Deflation Thread" daemon [_thread_blocked, id=16424, stack(0x0000002b66300000,0x0000002b66400000)]
=>0x00000160f112e8b0 JavaThread "C2 CompilerThread0" daemon [_thread_in_native, id=17292, stack(0x0000002b66400000,0x0000002b66500000)]
  0x00000160f112f2b0 JavaThread "C1 CompilerThread0" daemon [_thread_blocked, id=6652, stack(0x0000002b66500000,0x0000002b66600000)]
  0x00000160f112fcb0 JavaThread "Sweeper thread" daemon [_thread_blocked, id=24872, stack(0x0000002b66600000,0x0000002b66700000)]
  0x00000160f136a170 JavaThread "Notification Thread" daemon [_thread_blocked, id=24784, stack(0x0000002b66700000,0x0000002b66800000)]
  0x00000160f136fac0 JavaThread "Common-Cleaner" daemon [_thread_blocked, id=10320, stack(0x0000002b66900000,0x0000002b66a00000)]
  0x00000160f15b2350 JavaThread "Java2D Disposer" daemon [_thread_blocked, id=28336, stack(0x0000002b66a00000,0x0000002b66b00000)]
  0x00000160f15b7470 JavaThread "AWT-Shutdown" [_thread_blocked, id=18000, stack(0x0000002b66b00000,0x0000002b66c00000)]
  0x00000160f15b7950 JavaThread "AWT-Windows" daemon [_thread_in_native, id=14480, stack(0x0000002b66c00000,0x0000002b66d00000)]
  0x00000160f15e5a10 JavaThread "AWT-EventQueue-0" [_thread_blocked, id=17600, stack(0x0000002b66d00000,0x0000002b66e00000)]
  0x00000160d2e4e0e0 JavaThread "DestroyJavaVM" [_thread_blocked, id=11172, stack(0x0000002b65700000,0x0000002b65800000)]
  0x00000160fb432290 JavaThread "D3D Screen Updater" daemon [_thread_blocked, id=18692, stack(0x0000002b67900000,0x0000002b67a00000)]
  0x00000160fb4bbf50 JavaThread "TimerQueue" daemon [_thread_blocked, id=14848, stack(0x0000002b67a00000,0x0000002b67b00000)]

Other Threads:
  0x00000160f1112d90 VMThread "VM Thread" [stack: 0x0000002b65d00000,0x0000002b65e00000] [id=18216]
  0x00000160f136a650 WatcherThread [stack: 0x0000002b66800000,0x0000002b66900000] [id=24844]
  0x00000160d2ea5450 GCTaskThread "GC Thread#0" [stack: 0x0000002b65800000,0x0000002b65900000] [id=6608]
  0x00000160d2eb4f60 ConcurrentGCThread "G1 Main Marker" [stack: 0x0000002b65900000,0x0000002b65a00000] [id=20620]
  0x00000160d2eb6fa0 ConcurrentGCThread "G1 Conc#0" [stack: 0x0000002b65a00000,0x0000002b65b00000] [id=4072]
  0x00000160d2efd480 ConcurrentGCThread "G1 Refine#0" [stack: 0x0000002b65b00000,0x0000002b65c00000] [id=4500]
  0x00000160d2efdeb0 ConcurrentGCThread "G1 Service" [stack: 0x0000002b65c00000,0x0000002b65d00000] [id=31356]

Threads with active compile tasks:
C2 CompilerThread0    13549 1963 %     4       sun.java2d.marlin.Renderer::_endRendering @ 1927 (2480 bytes)

VM state: not at safepoint (normal execution)

VM Mutex/Monitor currently owned by a thread: None

Heap address: 0x000000008a200000, size: 1886 MB, Compressed Oops mode: 32-bit

CDS archive(s) mapped at: [0x0000016080000000-0x0000016080bb0000-0x0000016080bb0000), size 12255232, SharedBaseAddress: 0x0000016080000000, ArchiveRelocationMode: 1.
Compressed class space mapped at: 0x0000016081000000-0x00000160c1000000, reserved size: 1073741824
Narrow klass base: 0x0000016080000000, Narrow klass shift: 0, Narrow klass range: 0x100000000

GC Precious Log:
 CPUs: 12 total, 12 available
 Memory: 7541M
 Large Page Support: Disabled
 NUMA Support: Disabled
 Compressed Oops: Enabled (32-bit)
 Heap Region Size: 1M
 Heap Min Capacity: 8M
 Heap Initial Capacity: 118M
 Heap Max Capacity: 1886M
 Pre-touch: Disabled
 Parallel Workers: 10
 Concurrent Workers: 3
 Concurrent Refinement Workers: 10
 Periodic GC: Disabled

Heap:
 garbage-first heap   total 120832K, used 12288K [0x000000008a200000, 0x0000000100000000)
  region size 1024K, 13 young (13312K), 0 survivors (0K)
 Metaspace       used 11791K, committed 11904K, reserved 1114112K
  class space    used 1404K, committed 1472K, reserved 1048576K

Heap Regions: E=young(eden), S=young(survivor), O=old, HS=humongous(starts), HC=humongous(continues), CS=collection set, F=free, OA=open archive, CA=closed archive, TAMS=top-at-mark-start (previous, next)
|   0|0x000000008a200000, 0x000000008a200000, 0x000000008a300000|  0%| F|  |TAMS 0x000000008a200000, 0x000000008a200000| Untracked 
|   1|0x000000008a300000, 0x000000008a300000, 0x000000008a400000|  0%| F|  |TAMS 0x000000008a300000, 0x000000008a300000| Untracked 
|   2|0x000000008a400000, 0x000000008a400000, 0x000000008a500000|  0%| F|  |TAMS 0x000000008a400000, 0x000000008a400000| Untracked 
|   3|0x000000008a500000, 0x000000008a500000, 0x000000008a600000|  0%| F|  |TAMS 0x000000008a500000, 0x000000008a500000| Untracked 
|   4|0x000000008a600000, 0x000000008a600000, 0x000000008a700000|  0%| F|  |TAMS 0x000000008a600000, 0x000000008a600000| Untracked 
|   5|0x000000008a700000, 0x000000008a700000, 0x000000008a800000|  0%| F|  |TAMS 0x000000008a700000, 0x000000008a700000| Untracked 
|   6|0x000000008a800000, 0x000000008a800000, 0x000000008a900000|  0%| F|  |TAMS 0x000000008a800000, 0x000000008a800000| Untracked 
|   7|0x000000008a900000, 0x000000008a900000, 0x000000008aa00000|  0%| F|  |TAMS 0x000000008a900000, 0x000000008a900000| Untracked 
|   8|0x000000008aa00000, 0x000000008aa00000, 0x000000008ab00000|  0%| F|  |TAMS 0x000000008aa00000, 0x000000008aa00000| Untracked 
|   9|0x000000008ab00000, 0x000000008ab00000, 0x000000008ac00000|  0%| F|  |TAMS 0x000000008ab00000, 0x000000008ab00000| Untracked 
|  10|0x000000008ac00000, 0x000000008ac00000, 0x000000008ad00000|  0%| F|  |TAMS 0x000000008ac00000, 0x000000008ac00000| Untracked 
|  11|0x000000008ad00000, 0x000000008ad00000, 0x000000008ae00000|  0%| F|  |TAMS 0x000000008ad00000, 0x000000008ad00000| Untracked 
|  12|0x000000008ae00000, 0x000000008ae00000, 0x000000008af00000|  0%| F|  |TAMS 0x000000008ae00000, 0x000000008ae00000| Untracked 
|  13|0x000000008af00000, 0x000000008af00000, 0x000000008b000000|  0%| F|  |TAMS 0x000000008af00000, 0x000000008af00000| Untracked 
|  14|0x000000008b000000, 0x000000008b000000, 0x000000008b100000|  0%| F|  |TAMS 0x000000008b000000, 0x000000008b000000| Untracked 
|  15|0x000000008b100000, 0x000000008b100000, 0x000000008b200000|  0%| F|  |TAMS 0x000000008b100000, 0x000000008b100000| Untracked 
|  16|0x000000008b200000, 0x000000008b200000, 0x000000008b300000|  0%| F|  |TAMS 0x000000008b200000, 0x000000008b200000| Untracked 
|  17|0x000000008b300000, 0x000000008b300000, 0x000000008b400000|  0%| F|  |TAMS 0x000000008b300000, 0x000000008b300000| Untracked 
|  18|0x000000008b400000, 0x000000008b400000, 0x000000008b500000|  0%| F|  |TAMS 0x000000008b400000, 0x000000008b400000| Untracked 
|  19|0x000000008b500000, 0x000000008b500000, 0x000000008b600000|  0%| F|  |TAMS 0x000000008b500000, 0x000000008b500000| Untracked 
|  20|0x000000008b600000, 0x000000008b600000, 0x000000008b700000|  0%| F|  |TAMS 0x000000008b600000, 0x000000008b600000| Untracked 
|  21|0x000000008b700000, 0x000000008b700000, 0x000000008b800000|  0%| F|  |TAMS 0x000000008b700000, 0x000000008b700000| Untracked 
|  22|0x000000008b800000, 0x000000008b800000, 0x000000008b900000|  0%| F|  |TAMS 0x000000008b800000, 0x000000008b800000| Untracked 
|  23|0x000000008b900000, 0x000000008b900000, 0x000000008ba00000|  0%| F|  |TAMS 0x000000008b900000, 0x000000008b900000| Untracked 
|  24|0x000000008ba00000, 0x000000008ba00000, 0x000000008bb00000|  0%| F|  |TAMS 0x000000008ba00000, 0x000000008ba00000| Untracked 
|  25|0x000000008bb00000, 0x000000008bb00000, 0x000000008bc00000|  0%| F|  |TAMS 0x000000008bb00000, 0x000000008bb00000| Untracked 
|  26|0x000000008bc00000, 0x000000008bc00000, 0x000000008bd00000|  0%| F|  |TAMS 0x000000008bc00000, 0x000000008bc00000| Untracked 
|  27|0x000000008bd00000, 0x000000008bd00000, 0x000000008be00000|  0%| F|  |TAMS 0x000000008bd00000, 0x000000008bd00000| Untracked 
|  28|0x000000008be00000, 0x000000008be00000, 0x000000008bf00000|  0%| F|  |TAMS 0x000000008be00000, 0x000000008be00000| Untracked 
|  29|0x000000008bf00000, 0x000000008bf00000, 0x000000008c000000|  0%| F|  |TAMS 0x000000008bf00000, 0x000000008bf00000| Untracked 
|  30|0x000000008c000000, 0x000000008c000000, 0x000000008c100000|  0%| F|  |TAMS 0x000000008c000000, 0x000000008c000000| Untracked 
|  31|0x000000008c100000, 0x000000008c100000, 0x000000008c200000|  0%| F|  |TAMS 0x000000008c100000, 0x000000008c100000| Untracked 
|  32|0x000000008c200000, 0x000000008c200000, 0x000000008c300000|  0%| F|  |TAMS 0x000000008c200000, 0x000000008c200000| Untracked 
|  33|0x000000008c300000, 0x000000008c300000, 0x000000008c400000|  0%| F|  |TAMS 0x000000008c300000, 0x000000008c300000| Untracked 
|  34|0x000000008c400000, 0x000000008c400000, 0x000000008c500000|  0%| F|  |TAMS 0x000000008c400000, 0x000000008c400000| Untracked 
|  35|0x000000008c500000, 0x000000008c500000, 0x000000008c600000|  0%| F|  |TAMS 0x000000008c500000, 0x000000008c500000| Untracked 
|  36|0x000000008c600000, 0x000000008c600000, 0x000000008c700000|  0%| F|  |TAMS 0x000000008c600000, 0x000000008c600000| Untracked 
|  37|0x000000008c700000, 0x000000008c700000, 0x000000008c800000|  0%| F|  |TAMS 0x000000008c700000, 0x000000008c700000| Untracked 
|  38|0x000000008c800000, 0x000000008c800000, 0x000000008c900000|  0%| F|  |TAMS 0x000000008c800000, 0x000000008c800000| Untracked 
|  39|0x000000008c900000, 0x000000008c900000, 0x000000008ca00000|  0%| F|  |TAMS 0x000000008c900000, 0x000000008c900000| Untracked 
|  40|0x000000008ca00000, 0x000000008ca00000, 0x000000008cb00000|  0%| F|  |TAMS 0x000000008ca00000, 0x000000008ca00000| Untracked 
|  41|0x000000008cb00000, 0x000000008cb00000, 0x000000008cc00000|  0%| F|  |TAMS 0x000000008cb00000, 0x000000008cb00000| Untracked 
|  42|0x000000008cc00000, 0x000000008cc00000, 0x000000008cd00000|  0%| F|  |TAMS 0x000000008cc00000, 0x000000008cc00000| Untracked 
|  43|0x000000008cd00000, 0x000000008cd00000, 0x000000008ce00000|  0%| F|  |TAMS 0x000000008cd00000, 0x000000008cd00000| Untracked 
|  44|0x000000008ce00000, 0x000000008ce00000, 0x000000008cf00000|  0%| F|  |TAMS 0x000000008ce00000, 0x000000008ce00000| Untracked 
|  45|0x000000008cf00000, 0x000000008cf00000, 0x000000008d000000|  0%| F|  |TAMS 0x000000008cf00000, 0x000000008cf00000| Untracked 
|  46|0x000000008d000000, 0x000000008d000000, 0x000000008d100000|  0%| F|  |TAMS 0x000000008d000000, 0x000000008d000000| Untracked 
|  47|0x000000008d100000, 0x000000008d100000, 0x000000008d200000|  0%| F|  |TAMS 0x000000008d100000, 0x000000008d100000| Untracked 
|  48|0x000000008d200000, 0x000000008d200000, 0x000000008d300000|  0%| F|  |TAMS 0x000000008d200000, 0x000000008d200000| Untracked 
|  49|0x000000008d300000, 0x000000008d300000, 0x000000008d400000|  0%| F|  |TAMS 0x000000008d300000, 0x000000008d300000| Untracked 
|  50|0x000000008d400000, 0x000000008d400000, 0x000000008d500000|  0%| F|  |TAMS 0x000000008d400000, 0x000000008d400000| Untracked 
|  51|0x000000008d500000, 0x000000008d500000, 0x000000008d600000|  0%| F|  |TAMS 0x000000008d500000, 0x000000008d500000| Untracked 
|  52|0x000000008d600000, 0x000000008d600000, 0x000000008d700000|  0%| F|  |TAMS 0x000000008d600000, 0x000000008d600000| Untracked 
|  53|0x000000008d700000, 0x000000008d700000, 0x000000008d800000|  0%| F|  |TAMS 0x000000008d700000, 0x000000008d700000| Untracked 
|  54|0x000000008d800000, 0x000000008d800000, 0x000000008d900000|  0%| F|  |TAMS 0x000000008d800000, 0x000000008d800000| Untracked 
|  55|0x000000008d900000, 0x000000008d900000, 0x000000008da00000|  0%| F|  |TAMS 0x000000008d900000, 0x000000008d900000| Untracked 
|  56|0x000000008da00000, 0x000000008da00000, 0x000000008db00000|  0%| F|  |TAMS 0x000000008da00000, 0x000000008da00000| Untracked 
|  57|0x000000008db00000, 0x000000008db00000, 0x000000008dc00000|  0%| F|  |TAMS 0x000000008db00000, 0x000000008db00000| Untracked 
|  58|0x000000008dc00000, 0x000000008dc00000, 0x000000008dd00000|  0%| F|  |TAMS 0x000000008dc00000, 0x000000008dc00000| Untracked 
|  59|0x000000008dd00000, 0x000000008dd00000, 0x000000008de00000|  0%| F|  |TAMS 0x000000008dd00000, 0x000000008dd00000| Untracked 
|  60|0x000000008de00000, 0x000000008de00000, 0x000000008df00000|  0%| F|  |TAMS 0x000000008de00000, 0x000000008de00000| Untracked 
|  61|0x000000008df00000, 0x000000008df00000, 0x000000008e000000|  0%| F|  |TAMS 0x000000008df00000, 0x000000008df00000| Untracked 
|  62|0x000000008e000000, 0x000000008e000000, 0x000000008e100000|  0%| F|  |TAMS 0x000000008e000000, 0x000000008e000000| Untracked 
|  63|0x000000008e100000, 0x000000008e100000, 0x000000008e200000|  0%| F|  |TAMS 0x000000008e100000, 0x000000008e100000| Untracked 
|  64|0x000000008e200000, 0x000000008e200000, 0x000000008e300000|  0%| F|  |TAMS 0x000000008e200000, 0x000000008e200000| Untracked 
|  65|0x000000008e300000, 0x000000008e300000, 0x000000008e400000|  0%| F|  |TAMS 0x000000008e300000, 0x000000008e300000| Untracked 
|  66|0x000000008e400000, 0x000000008e400000, 0x000000008e500000|  0%| F|  |TAMS 0x000000008e400000, 0x000000008e400000| Untracked 
|  67|0x000000008e500000, 0x000000008e500000, 0x000000008e600000|  0%| F|  |TAMS 0x000000008e500000, 0x000000008e500000| Untracked 
|  68|0x000000008e600000, 0x000000008e600000, 0x000000008e700000|  0%| F|  |TAMS 0x000000008e600000, 0x000000008e600000| Untracked 
|  69|0x000000008e700000, 0x000000008e700000, 0x000000008e800000|  0%| F|  |TAMS 0x000000008e700000, 0x000000008e700000| Untracked 
|  70|0x000000008e800000, 0x000000008e800000, 0x000000008e900000|  0%| F|  |TAMS 0x000000008e800000, 0x000000008e800000| Untracked 
|  71|0x000000008e900000, 0x000000008e900000, 0x000000008ea00000|  0%| F|  |TAMS 0x000000008e900000, 0x000000008e900000| Untracked 
|  72|0x000000008ea00000, 0x000000008ea00000, 0x000000008eb00000|  0%| F|  |TAMS 0x000000008ea00000, 0x000000008ea00000| Untracked 
|  73|0x000000008eb00000, 0x000000008eb00000, 0x000000008ec00000|  0%| F|  |TAMS 0x000000008eb00000, 0x000000008eb00000| Untracked 
|  74|0x000000008ec00000, 0x000000008ec00000, 0x000000008ed00000|  0%| F|  |TAMS 0x000000008ec00000, 0x000000008ec00000| Untracked 
|  75|0x000000008ed00000, 0x000000008ed00000, 0x000000008ee00000|  0%| F|  |TAMS 0x000000008ed00000, 0x000000008ed00000| Untracked 
|  76|0x000000008ee00000, 0x000000008ee00000, 0x000000008ef00000|  0%| F|  |TAMS 0x000000008ee00000, 0x000000008ee00000| Untracked 
|  77|0x000000008ef00000, 0x000000008ef00000, 0x000000008f000000|  0%| F|  |TAMS 0x000000008ef00000, 0x000000008ef00000| Untracked 
|  78|0x000000008f000000, 0x000000008f000000, 0x000000008f100000|  0%| F|  |TAMS 0x000000008f000000, 0x000000008f000000| Untracked 
|  79|0x000000008f100000, 0x000000008f100000, 0x000000008f200000|  0%| F|  |TAMS 0x000000008f100000, 0x000000008f100000| Untracked 
|  80|0x000000008f200000, 0x000000008f200000, 0x000000008f300000|  0%| F|  |TAMS 0x000000008f200000, 0x000000008f200000| Untracked 
|  81|0x000000008f300000, 0x000000008f300000, 0x000000008f400000|  0%| F|  |TAMS 0x000000008f300000, 0x000000008f300000| Untracked 
|  82|0x000000008f400000, 0x000000008f400000, 0x000000008f500000|  0%| F|  |TAMS 0x000000008f400000, 0x000000008f400000| Untracked 
|  83|0x000000008f500000, 0x000000008f500000, 0x000000008f600000|  0%| F|  |TAMS 0x000000008f500000, 0x000000008f500000| Untracked 
|  84|0x000000008f600000, 0x000000008f600000, 0x000000008f700000|  0%| F|  |TAMS 0x000000008f600000, 0x000000008f600000| Untracked 
|  85|0x000000008f700000, 0x000000008f700000, 0x000000008f800000|  0%| F|  |TAMS 0x000000008f700000, 0x000000008f700000| Untracked 
|  86|0x000000008f800000, 0x000000008f800000, 0x000000008f900000|  0%| F|  |TAMS 0x000000008f800000, 0x000000008f800000| Untracked 
|  87|0x000000008f900000, 0x000000008f900000, 0x000000008fa00000|  0%| F|  |TAMS 0x000000008f900000, 0x000000008f900000| Untracked 
|  88|0x000000008fa00000, 0x000000008fa00000, 0x000000008fb00000|  0%| F|  |TAMS 0x000000008fa00000, 0x000000008fa00000| Untracked 
|  89|0x000000008fb00000, 0x000000008fb00000, 0x000000008fc00000|  0%| F|  |TAMS 0x000000008fb00000, 0x000000008fb00000| Untracked 
|  90|0x000000008fc00000, 0x000000008fc00000, 0x000000008fd00000|  0%| F|  |TAMS 0x000000008fc00000, 0x000000008fc00000| Untracked 
|  91|0x000000008fd00000, 0x000000008fd00000, 0x000000008fe00000|  0%| F|  |TAMS 0x000000008fd00000, 0x000000008fd00000| Untracked 
|  92|0x000000008fe00000, 0x000000008fe00000, 0x000000008ff00000|  0%| F|  |TAMS 0x000000008fe00000, 0x000000008fe00000| Untracked 
|  93|0x000000008ff00000, 0x000000008ff00000, 0x0000000090000000|  0%| F|  |TAMS 0x000000008ff00000, 0x000000008ff00000| Untracked 
|  94|0x0000000090000000, 0x0000000090000000, 0x0000000090100000|  0%| F|  |TAMS 0x0000000090000000, 0x0000000090000000| Untracked 
|  95|0x0000000090100000, 0x0000000090100000, 0x0000000090200000|  0%| F|  |TAMS 0x0000000090100000, 0x0000000090100000| Untracked 
|  96|0x0000000090200000, 0x0000000090200000, 0x0000000090300000|  0%| F|  |TAMS 0x0000000090200000, 0x0000000090200000| Untracked 
|  97|0x0000000090300000, 0x0000000090300000, 0x0000000090400000|  0%| F|  |TAMS 0x0000000090300000, 0x0000000090300000| Untracked 
|  98|0x0000000090400000, 0x0000000090400000, 0x0000000090500000|  0%| F|  |TAMS 0x0000000090400000, 0x0000000090400000| Untracked 
|  99|0x0000000090500000, 0x0000000090500000, 0x0000000090600000|  0%| F|  |TAMS 0x0000000090500000, 0x0000000090500000| Untracked 
| 100|0x0000000090600000, 0x0000000090600000, 0x0000000090700000|  0%| F|  |TAMS 0x0000000090600000, 0x0000000090600000| Untracked 
| 101|0x0000000090700000, 0x0000000090700000, 0x0000000090800000|  0%| F|  |TAMS 0x0000000090700000, 0x0000000090700000| Untracked 
| 102|0x0000000090800000, 0x0000000090800000, 0x0000000090900000|  0%| F|  |TAMS 0x0000000090800000, 0x0000000090800000| Untracked 
| 103|0x0000000090900000, 0x0000000090900000, 0x0000000090a00000|  0%| F|  |TAMS 0x0000000090900000, 0x0000000090900000| Untracked 
| 104|0x0000000090a00000, 0x0000000090a00000, 0x0000000090b00000|  0%| F|  |TAMS 0x0000000090a00000, 0x0000000090a00000| Untracked 
| 105|0x0000000090b00000, 0x0000000090bec168, 0x0000000090c00000| 92%| E|  |TAMS 0x0000000090b00000, 0x0000000090b00000| Complete 
| 106|0x0000000090c00000, 0x0000000090d00000, 0x0000000090d00000|100%| E|CS|TAMS 0x0000000090c00000, 0x0000000090c00000| Complete 
| 107|0x0000000090d00000, 0x0000000090e00000, 0x0000000090e00000|100%| E|CS|TAMS 0x0000000090d00000, 0x0000000090d00000| Complete 
| 108|0x0000000090e00000, 0x0000000090f00000, 0x0000000090f00000|100%| E|CS|TAMS 0x0000000090e00000, 0x0000000090e00000| Complete 
| 109|0x0000000090f00000, 0x0000000091000000, 0x0000000091000000|100%| E|CS|TAMS 0x0000000090f00000, 0x0000000090f00000| Complete 
| 110|0x0000000091000000, 0x0000000091100000, 0x0000000091100000|100%| E|CS|TAMS 0x0000000091000000, 0x0000000091000000| Complete 
| 111|0x0000000091100000, 0x0000000091200000, 0x0000000091200000|100%| E|CS|TAMS 0x0000000091100000, 0x0000000091100000| Complete 
| 112|0x0000000091200000, 0x0000000091300000, 0x0000000091300000|100%| E|CS|TAMS 0x0000000091200000, 0x0000000091200000| Complete 
| 113|0x0000000091300000, 0x0000000091400000, 0x0000000091400000|100%| E|CS|TAMS 0x0000000091300000, 0x0000000091300000| Complete 
| 114|0x0000000091400000, 0x0000000091500000, 0x0000000091500000|100%| E|CS|TAMS 0x0000000091400000, 0x0000000091400000| Complete 
| 115|0x0000000091500000, 0x0000000091600000, 0x0000000091600000|100%| E|CS|TAMS 0x0000000091500000, 0x0000000091500000| Complete 
| 116|0x0000000091600000, 0x0000000091700000, 0x0000000091700000|100%| E|CS|TAMS 0x0000000091600000, 0x0000000091600000| Complete 
| 117|0x0000000091700000, 0x0000000091800000, 0x0000000091800000|100%| E|CS|TAMS 0x0000000091700000, 0x0000000091700000| Complete 

Card table byte_map: [0x00000160ea270000,0x00000160ea620000] _byte_map_base: 0x00000160e9e1f000

Marking Bits (Prev, Next): (CMBitMap*) 0x00000160d2ea5a70, (CMBitMap*) 0x00000160d2ea5ab0
 Prev Bits: [0x00000160ea9d0000, 0x00000160ec748000)
 Next Bits: [0x00000160ec750000, 0x00000160ee4c8000)

Polling page: 0x00000160d0db0000

Metaspace:

Usage:
  Non-class:     10.14 MB used.
      Class:      1.37 MB used.
       Both:     11.52 MB used.

Virtual space:
  Non-class space:       64.00 MB reserved,      10.19 MB ( 16%) committed,  1 nodes.
      Class space:        1.00 GB reserved,       1.44 MB ( <1%) committed,  1 nodes.
             Both:        1.06 GB reserved,      11.62 MB (  1%) committed. 

Chunk freelists:
   Non-Class:  5.00 MB
       Class:  14.56 MB
        Both:  19.56 MB

MaxMetaspaceSize: unlimited
CompressedClassSpaceSize: 1.00 GB
Initial GC threshold: 21.00 MB
Current GC threshold: 21.00 MB
CDS: on
MetaspaceReclaimPolicy: balanced
 - commit_granule_bytes: 65536.
 - commit_granule_words: 8192.
 - virtual_space_node_default_size: 8388608.
 - enlarge_chunks_in_place: 1.
 - new_chunks_are_fully_committed: 0.
 - uncommit_free_chunks: 1.
 - use_allocation_guard: 0.
 - handle_deallocations: 1.


Internal statistics:

num_allocs_failed_limit: 0.
num_arena_births: 110.
num_arena_deaths: 0.
num_vsnodes_births: 2.
num_vsnodes_deaths: 0.
num_space_committed: 186.
num_space_uncommitted: 0.
num_chunks_returned_to_freelist: 0.
num_chunks_taken_from_freelist: 182.
num_chunk_merges: 0.
num_chunk_splits: 97.
num_chunks_enlarged: 36.
num_inconsistent_stats: 0.

CodeHeap 'non-profiled nmethods': size=120000Kb used=765Kb max_used=765Kb free=119234Kb
 bounds [0x00000160e2430000, 0x00000160e26a0000, 0x00000160e9960000]
CodeHeap 'profiled nmethods': size=120000Kb used=3688Kb max_used=3688Kb free=116311Kb
 bounds [0x00000160da960000, 0x00000160dad00000, 0x00000160e1e90000]
CodeHeap 'non-nmethods': size=5760Kb used=1320Kb max_used=1359Kb free=4439Kb
 bounds [0x00000160e1e90000, 0x00000160e2100000, 0x00000160e2430000]
 total_blobs=2622 nmethods=1966 adapters=568
 compilation: enabled
              stopped_count=0, restarted_count=0
 full_count=0

Compilation events (20 events):
Event: 13.419 Thread 0x00000160f112f2b0 1959       3       sun.java2d.SunGraphics2D::intersectShapes (76 bytes)
Event: 13.419 Thread 0x00000160f112f2b0 nmethod 1959 0x00000160dace6e90 code [0x00000160dace70c0, 0x00000160dace7c78]
Event: 13.419 Thread 0x00000160f112f2b0 1960       3       sun.java2d.SunGraphics2D::intersectRectShape (205 bytes)
Event: 13.420 Thread 0x00000160f112f2b0 nmethod 1960 0x00000160dace7e10 code [0x00000160dace8160, 0x00000160dace9958]
Event: 13.420 Thread 0x00000160f112e8b0 nmethod 1957 0x00000160e24ef190 code [0x00000160e24ef300, 0x00000160e24ef538]
Event: 13.420 Thread 0x00000160f112f2b0 1961       3       java.awt.geom.Rectangle2D$Float::<init> (5 bytes)
Event: 13.420 Thread 0x00000160f112e8b0 1963 %     4       sun.java2d.marlin.Renderer::_endRendering @ 1927 (2480 bytes)
Event: 13.421 Thread 0x00000160f112f2b0 nmethod 1961 0x00000160dacea010 code [0x00000160dacea1c0, 0x00000160dacea3f8]
Event: 13.421 Thread 0x00000160f112f2b0 1962       3       java.awt.geom.RectangularShape::setFrameFromDiagonal (49 bytes)
Event: 13.421 Thread 0x00000160f112f2b0 nmethod 1962 0x00000160dacea510 code [0x00000160dacea6c0, 0x00000160dacea968]
Event: 13.428 Thread 0x00000160f112f2b0 1964  s    3       javax.swing.RepaintManager::getPaintManager (107 bytes)
Event: 13.428 Thread 0x00000160f112f2b0 nmethod 1964 0x00000160daceaa10 code [0x00000160daceac40, 0x00000160daceb4b8]
Event: 13.429 Thread 0x00000160f112f2b0 1967       3       javax.swing.JComponent::rectangleIsObscured (119 bytes)
Event: 13.430 Thread 0x00000160f112f2b0 nmethod 1967 0x00000160daceb710 code [0x00000160daceb9a0, 0x00000160dacec978]
Event: 13.430 Thread 0x00000160f112f2b0 1968   !   3       javax.swing.JComponent::paintChildren (691 bytes)
Event: 13.437 Thread 0x00000160f112f2b0 nmethod 1968 0x00000160dacece90 code [0x00000160daced5c0, 0x00000160dacf2a48]
Event: 13.437 Thread 0x00000160f112f2b0 1965   !   3       javax.swing.JComponent::paint (409 bytes)
Event: 13.440 Thread 0x00000160f112f2b0 nmethod 1965 0x00000160dacf4f90 code [0x00000160dacf5420, 0x00000160dacf81c8]
Event: 13.440 Thread 0x00000160f112f2b0 1966       3       javax.swing.JComponent::getComponentGraphics (63 bytes)
Event: 13.441 Thread 0x00000160f112f2b0 nmethod 1966 0x00000160dacf9090 code [0x00000160dacf92e0, 0x00000160dacf9ee8]

GC Heap History (0 events):
No events

Dll operation events (9 events):
Event: 0.008 Loaded shared library C:\Program Files\Amazon Corretto\jdk17.0.10_7\bin\java.dll
Event: 0.031 Loaded shared library C:\Program Files\Amazon Corretto\jdk17.0.10_7\bin\jsvml.dll
Event: 0.060 Loaded shared library C:\Program Files\Amazon Corretto\jdk17.0.10_7\bin\net.dll
Event: 0.061 Loaded shared library C:\Program Files\Amazon Corretto\jdk17.0.10_7\bin\nio.dll
Event: 0.066 Loaded shared library C:\Program Files\Amazon Corretto\jdk17.0.10_7\bin\zip.dll
Event: 0.090 Loaded shared library C:\Program Files\Amazon Corretto\jdk17.0.10_7\bin\jimage.dll
Event: 0.114 Loaded shared library C:\Program Files\Amazon Corretto\jdk17.0.10_7\bin\awt.dll
Event: 0.283 Loaded shared library C:\Program Files\Amazon Corretto\jdk17.0.10_7\bin\freetype.dll
Event: 0.284 Loaded shared library C:\Program Files\Amazon Corretto\jdk17.0.10_7\bin\fontmanager.dll

Deoptimization events (20 events):
Event: 8.779 Thread 0x00000160f15e5a10 DEOPT PACKING pc=0x00000160e24adc18 sp=0x0000002b66dfcfa0
Event: 8.779 Thread 0x00000160f15e5a10 DEOPT UNPACKING pc=0x00000160e1ee69a3 sp=0x0000002b66dfcd70 mode 2
Event: 8.779 Thread 0x00000160f15e5a10 Uncommon trap: trap_request=0xffffff45 fr.pc=0x00000160e24a5bb8 relative=0x0000000000005458
Event: 8.779 Thread 0x00000160f15e5a10 Uncommon trap: reason=unstable_if action=reinterpret pc=0x00000160e24a5bb8 method=sun.java2d.marlin.Renderer._endRendering(II)V @ 1761 c2
Event: 8.779 Thread 0x00000160f15e5a10 DEOPT PACKING pc=0x00000160e24a5bb8 sp=0x0000002b66dfcef0
Event: 8.779 Thread 0x00000160f15e5a10 DEOPT UNPACKING pc=0x00000160e1ee69a3 sp=0x0000002b66dfcd68 mode 2
Event: 8.788 Thread 0x00000160f15e5a10 Uncommon trap: trap_request=0xffffff45 fr.pc=0x00000160e24bd67c relative=0x000000000000051c
Event: 8.788 Thread 0x00000160f15e5a10 Uncommon trap: reason=unstable_if action=reinterpret pc=0x00000160e24bd67c method=sun.java2d.marlin.Renderer.addLine(DDDD)V @ 196 c2
Event: 8.788 Thread 0x00000160f15e5a10 DEOPT PACKING pc=0x00000160e24bd67c sp=0x0000002b66dfcbf0
Event: 8.788 Thread 0x00000160f15e5a10 DEOPT UNPACKING pc=0x00000160e1ee69a3 sp=0x0000002b66dfcac0 mode 2
Event: 12.397 Thread 0x00000160f15e5a10 Uncommon trap: trap_request=0xffffff6e fr.pc=0x00000160e24e6034 relative=0x0000000000000714
Event: 12.397 Thread 0x00000160f15e5a10 Uncommon trap: reason=loop_limit_check action=maybe_recompile pc=0x00000160e24e6034 method=java.awt.geom.AffineTransform.transform([DI[DII)V @ 454 c2
Event: 12.397 Thread 0x00000160f15e5a10 DEOPT PACKING pc=0x00000160e24e6034 sp=0x0000002b66dfd390
Event: 12.397 Thread 0x00000160f15e5a10 DEOPT UNPACKING pc=0x00000160e1ee69a3 sp=0x0000002b66dfd2e0 mode 2
Event: 13.096 Thread 0x00000160f15e5a10 DEOPT PACKING pc=0x00000160dac9adf3 sp=0x0000002b66dfd1c0
Event: 13.096 Thread 0x00000160f15e5a10 DEOPT UNPACKING pc=0x00000160e1ee7143 sp=0x0000002b66dfc588 mode 0
Event: 13.420 Thread 0x00000160f15e5a10 Uncommon trap: trap_request=0xffffff6e fr.pc=0x00000160e24eb4f4 relative=0x0000000000003734
Event: 13.420 Thread 0x00000160f15e5a10 Uncommon trap: reason=loop_limit_check action=maybe_recompile pc=0x00000160e24eb4f4 method=sun.java2d.marlin.Renderer._endRendering(II)V @ 1113 c2
Event: 13.420 Thread 0x00000160f15e5a10 DEOPT PACKING pc=0x00000160e24eb4f4 sp=0x0000002b66dfd230
Event: 13.420 Thread 0x00000160f15e5a10 DEOPT UNPACKING pc=0x00000160e1ee69a3 sp=0x0000002b66dfd030 mode 2

Classes unloaded (0 events):
No events

Classes redefined (0 events):
No events

Internal exceptions (20 events):
Event: 0.323 Thread 0x00000160d2e4e0e0 Exception <a 'java/lang/ClassNotFoundException'{0x0000000091359828}: TextPane> (0x0000000091359828) 
thrown [s\src\hotspot\share\classfile\systemDictionary.cpp, line 256]
Event: 0.323 Thread 0x00000160d2e4e0e0 Exception <a 'java/lang/ClassNotFoundException'{0x0000000091359c90}: EditorPane> (0x0000000091359c90) 
thrown [s\src\hotspot\share\classfile\systemDictionary.cpp, line 256]
Event: 0.323 Thread 0x00000160d2e4e0e0 Exception <a 'java/lang/ClassNotFoundException'{0x000000009135a5f0}: ToolBar> (0x000000009135a5f0) 
thrown [s\src\hotspot\share\classfile\systemDictionary.cpp, line 256]
Event: 0.323 Thread 0x00000160d2e4e0e0 Exception <a 'java/lang/ClassNotFoundException'{0x000000009135aae8}: ToolBar> (0x000000009135aae8) 
thrown [s\src\hotspot\share\classfile\systemDictionary.cpp, line 256]
Event: 0.323 Thread 0x00000160d2e4e0e0 Exception <a 'java/lang/ClassNotFoundException'{0x000000009135ae48}: Button> (0x000000009135ae48) 
thrown [s\src\hotspot\share\classfile\systemDictionary.cpp, line 256]
Event: 0.323 Thread 0x00000160d2e4e0e0 Exception <a 'java/lang/ClassNotFoundException'{0x000000009135b310}: ToolBar> (0x000000009135b310) 
thrown [s\src\hotspot\share\classfile\systemDictionary.cpp, line 256]
Event: 0.323 Thread 0x00000160d2e4e0e0 Exception <a 'java/lang/ClassNotFoundException'{0x000000009135b680}: ToggleButton> (0x000000009135b680) 
thrown [s\src\hotspot\share\classfile\systemDictionary.cpp, line 256]
Event: 0.323 Thread 0x00000160d2e4e0e0 Exception <a 'java/lang/ClassNotFoundException'{0x000000009135bac0}: javax/swing/JToolBarSeparator> (0x000000009135bac0) 
thrown [s\src\hotspot\share\classfile\systemDictionary.cpp, line 256]
Event: 0.323 Thread 0x00000160d2e4e0e0 Exception <a 'java/lang/ClassNotFoundException'{0x000000009135bdc8}: ToolBarSeparator> (0x000000009135bdc8) 
thrown [s\src\hotspot\share\classfile\systemDictionary.cpp, line 256]
Event: 0.323 Thread 0x00000160d2e4e0e0 Exception <a 'java/lang/ClassNotFoundException'{0x000000009135c2e0}: ToolTip> (0x000000009135c2e0) 
thrown [s\src\hotspot\share\classfile\systemDictionary.cpp, line 256]
Event: 0.324 Thread 0x00000160d2e4e0e0 Exception <a 'java/lang/ClassNotFoundException'{0x000000009135cc30}: Tree> (0x000000009135cc30) 
thrown [s\src\hotspot\share\classfile\systemDictionary.cpp, line 256]
Event: 0.324 Thread 0x00000160d2e4e0e0 Exception <a 'java/lang/ClassNotFoundException'{0x000000009135d128}: Tree> (0x000000009135d128) 
thrown [s\src\hotspot\share\classfile\systemDictionary.cpp, line 256]
Event: 0.324 Thread 0x00000160d2e4e0e0 Exception <a 'java/lang/ClassNotFoundException'{0x000000009135d498}: javax/swing/JTreeCell> (0x000000009135d498) 
thrown [s\src\hotspot\share\classfile\systemDictionary.cpp, line 256]
Event: 0.324 Thread 0x00000160d2e4e0e0 Exception <a 'java/lang/ClassNotFoundException'{0x000000009135d798}: TreeCell> (0x000000009135d798) 
thrown [s\src\hotspot\share\classfile\systemDictionary.cpp, line 256]
Event: 0.324 Thread 0x00000160d2e4e0e0 Exception <a 'java/lang/ClassNotFoundException'{0x000000009135df58}: RootPane> (0x000000009135df58) 
thrown [s\src\hotspot\share\classfile\systemDictionary.cpp, line 256]
Event: 0.326 Thread 0x00000160d2e4e0e0 Exception <a 'java/lang/ClassNotFoundException'{0x0000000091360da8}: com/sun/swing/internal/plaf/metal/resources/spi/metalProvider> (0x0000000091360da8) 
thrown [s\src\hotspot\share\classfile\systemDictionary.cpp, line 256]
Event: 0.327 Thread 0x00000160d2e4e0e0 Exception <a 'java/lang/ClassNotFoundException'{0x0000000091364958}: com/sun/swing/internal/plaf/basic/resources/spi/basicProvider> (0x0000000091364958) 
thrown [s\src\hotspot\share\classfile\systemDictionary.cpp, line 256]
Event: 0.403 Thread 0x00000160f15e5a10 Exception <a 'java/lang/ClassNotFoundException'{0x00000000912041f0}: com/sun/swing/internal/plaf/synth/resources/spi/synthProvider> (0x00000000912041f0) 
thrown [s\src\hotspot\share\classfile\systemDictionary.cpp, line 256]
Event: 0.464 Thread 0x00000160f15b7950 Exception <a 'java/lang/NoSuchMethodError'{0x0000000091585bc8}: 'void java.lang.invoke.DirectMethodHandle$Holder.invokeVirtual(java.lang.Object, java.lang.Object)'> (0x0000000091585bc8) 
thrown [s\src\hotspot\share\interpreter\linkResolver.cpp, line 759]
Event: 0.477 Thread 0x00000160f15e5a10 Exception <a 'java/lang/NoSuchMethodError'{0x00000000912a8278}: 'void java.lang.invoke.DirectMethodHandle$Holder.invokeStaticInit(java.lang.Object)'> (0x00000000912a8278) 
thrown [s\src\hotspot\share\interpreter\linkResolver.cpp, line 759]

VM Operations (20 events):
Event: 2.759 Executing VM operation: Cleanup
Event: 2.759 Executing VM operation: Cleanup done
Event: 3.771 Executing VM operation: Cleanup
Event: 3.771 Executing VM operation: Cleanup done
Event: 4.784 Executing VM operation: Cleanup
Event: 4.784 Executing VM operation: Cleanup done
Event: 5.786 Executing VM operation: Cleanup
Event: 5.787 Executing VM operation: Cleanup done
Event: 7.804 Executing VM operation: Cleanup
Event: 7.804 Executing VM operation: Cleanup done
Event: 8.721 Executing VM operation: HandshakeAllThreads
Event: 8.721 Executing VM operation: HandshakeAllThreads done
Event: 9.727 Executing VM operation: Cleanup
Event: 9.727 Executing VM operation: Cleanup done
Event: 10.737 Executing VM operation: Cleanup
Event: 10.737 Executing VM operation: Cleanup done
Event: 11.752 Executing VM operation: Cleanup
Event: 11.752 Executing VM operation: Cleanup done
Event: 12.752 Executing VM operation: Cleanup
Event: 12.752 Executing VM operation: Cleanup done

Events (20 events):
Event: 8.730 loading class javax/swing/JViewport$ViewListener
Event: 8.730 loading class java/awt/event/ComponentAdapter
Event: 8.730 loading class java/awt/event/ComponentAdapter done
Event: 8.730 loading class javax/swing/JViewport$ViewListener done
Event: 8.731 loading class java/util/Vector$1
Event: 8.738 loading class java/util/Vector$1 done
Event: 8.740 loading class javax/swing/plaf/nimbus/TableScrollPaneCorner
Event: 8.740 loading class javax/swing/plaf/nimbus/TableScrollPaneCorner done
Event: 8.741 loading class javax/swing/plaf/nimbus/ScrollBarButtonPainter
Event: 8.741 loading class javax/swing/plaf/nimbus/ScrollBarButtonPainter done
Event: 8.769 loading class javax/swing/JTable$2
Event: 8.769 loading class javax/swing/JTable$Resizable3
Event: 8.770 loading class javax/swing/JTable$Resizable2
Event: 8.770 loading class javax/swing/JTable$Resizable2 done
Event: 8.771 loading class javax/swing/JTable$Resizable3 done
Event: 8.771 loading class javax/swing/JTable$2 done
Event: 8.771 loading class javax/swing/JTable$5
Event: 8.773 loading class javax/swing/JTable$5 done
Event: 11.078 loading class java/awt/event/MouseWheelEvent
Event: 11.078 loading class java/awt/event/MouseWheelEvent done


Dynamic libraries:
0x00007ff69b730000 - 0x00007ff69b73e000 	C:\Program Files\Amazon Corretto\jdk17.0.10_7\bin\java.exe
0x00007ff87c830000 - 0x00007ff87ca47000 	C:\WINDOWS\SYSTEM32\ntdll.dll
0x00007ff87b220000 - 0x00007ff87b2e4000 	C:\WINDOWS\System32\KERNEL32.DLL
0x00007ff879dc0000 - 0x00007ff87a166000 	C:\WINDOWS\System32\KERNELBASE.dll
0x00007ff87a2e0000 - 0x00007ff87a3f1000 	C:\WINDOWS\System32\ucrtbase.dll
0x00007ff875490000 - 0x00007ff8754ab000 	C:\Program Files\Amazon Corretto\jdk17.0.10_7\bin\VCRUNTIME140.dll
0x00007ff859a20000 - 0x00007ff859a37000 	C:\Program Files\Amazon Corretto\jdk17.0.10_7\bin\jli.dll
0x00007ff87c2e0000 - 0x00007ff87c48e000 	C:\WINDOWS\System32\USER32.dll
0x00007ff860370000 - 0x00007ff860603000 	C:\WINDOWS\WinSxS\amd64_microsoft.windows.common-controls_6595b64144ccf1df_6.0.22621.2506_none_270c5ae97388e100\COMCTL32.dll
0x00007ff87a4a0000 - 0x00007ff87a4c6000 	C:\WINDOWS\System32\win32u.dll
0x00007ff87a770000 - 0x00007ff87a817000 	C:\WINDOWS\System32\msvcrt.dll
0x00007ff87c740000 - 0x00007ff87c769000 	C:\WINDOWS\System32\GDI32.dll
0x00007ff879be0000 - 0x00007ff879cf8000 	C:\WINDOWS\System32\gdi32full.dll
0x00007ff87a400000 - 0x00007ff87a49a000 	C:\WINDOWS\System32\msvcp_win.dll
0x00007ff87a820000 - 0x00007ff87a851000 	C:\WINDOWS\System32\IMM32.DLL
0x00007ff8754d0000 - 0x00007ff8754dc000 	C:\Program Files\Amazon Corretto\jdk17.0.10_7\bin\vcruntime140_1.dll
0x00007ff854d10000 - 0x00007ff854d9d000 	C:\Program Files\Amazon Corretto\jdk17.0.10_7\bin\msvcp140.dll
0x00007ff81b410000 - 0x00007ff81c072000 	C:\Program Files\Amazon Corretto\jdk17.0.10_7\bin\server\jvm.dll
0x00007ff87abf0000 - 0x00007ff87aca3000 	C:\WINDOWS\System32\ADVAPI32.dll
0x00007ff87af40000 - 0x00007ff87afe8000 	C:\WINDOWS\System32\sechost.dll
0x00007ff87a4d0000 - 0x00007ff87a4f8000 	C:\WINDOWS\System32\bcrypt.dll
0x00007ff87aff0000 - 0x00007ff87b107000 	C:\WINDOWS\System32\RPCRT4.dll
0x00007ff872ec0000 - 0x00007ff872ef4000 	C:\WINDOWS\SYSTEM32\WINMM.dll
0x00007ff856fa0000 - 0x00007ff856fa9000 	C:\WINDOWS\SYSTEM32\WSOCK32.dll
0x00007ff879890000 - 0x00007ff8798dd000 	C:\WINDOWS\SYSTEM32\POWRPROF.dll
0x00007ff87c770000 - 0x00007ff87c7e1000 	C:\WINDOWS\System32\WS2_32.dll
0x00007ff871f50000 - 0x00007ff871f5a000 	C:\WINDOWS\SYSTEM32\VERSION.dll
0x00007ff879870000 - 0x00007ff879883000 	C:\WINDOWS\SYSTEM32\UMPDC.dll
0x00007ff878b80000 - 0x00007ff878b98000 	C:\WINDOWS\SYSTEM32\kernel.appcore.dll
0x00007ff8753c0000 - 0x00007ff8753ca000 	C:\Program Files\Amazon Corretto\jdk17.0.10_7\bin\jimage.dll
0x00007ff868a30000 - 0x00007ff868c63000 	C:\WINDOWS\SYSTEM32\DBGHELP.DLL
0x00007ff87a860000 - 0x00007ff87abe9000 	C:\WINDOWS\System32\combase.dll
0x00007ff87b140000 - 0x00007ff87b217000 	C:\WINDOWS\System32\OLEAUT32.dll
0x00007ff856a50000 - 0x00007ff856a82000 	C:\WINDOWS\SYSTEM32\dbgcore.DLL
0x00007ff87a500000 - 0x00007ff87a57a000 	C:\WINDOWS\System32\bcryptPrimitives.dll
0x00007ff873570000 - 0x00007ff873595000 	C:\Program Files\Amazon Corretto\jdk17.0.10_7\bin\java.dll
0x00007ff854590000 - 0x00007ff854667000 	C:\Program Files\Amazon Corretto\jdk17.0.10_7\bin\jsvml.dll
0x00007ff87b8d0000 - 0x00007ff87c12b000 	C:\WINDOWS\System32\SHELL32.dll
0x00007ff877a80000 - 0x00007ff878376000 	C:\WINDOWS\SYSTEM32\windows.storage.dll
0x00007ff877940000 - 0x00007ff877a7e000 	C:\WINDOWS\SYSTEM32\wintypes.dll
0x00007ff87c130000 - 0x00007ff87c223000 	C:\WINDOWS\System32\SHCORE.dll
0x00007ff87b2f0000 - 0x00007ff87b34e000 	C:\WINDOWS\System32\shlwapi.dll
0x00007ff879aa0000 - 0x00007ff879ac6000 	C:\WINDOWS\SYSTEM32\profapi.dll
0x00007ff873740000 - 0x00007ff873759000 	C:\Program Files\Amazon Corretto\jdk17.0.10_7\bin\net.dll
0x00007ff873a10000 - 0x00007ff873b47000 	C:\WINDOWS\SYSTEM32\WINHTTP.dll
0x00007ff879030000 - 0x00007ff879099000 	C:\WINDOWS\system32\mswsock.dll
0x00007ff872050000 - 0x00007ff872066000 	C:\Program Files\Amazon Corretto\jdk17.0.10_7\bin\nio.dll
0x00007ff871880000 - 0x00007ff871898000 	C:\Program Files\Amazon Corretto\jdk17.0.10_7\bin\zip.dll
0x00007ff8377a0000 - 0x00007ff837930000 	C:\Program Files\Amazon Corretto\jdk17.0.10_7\bin\awt.dll
0x00007ff876ed0000 - 0x00007ff876f67000 	C:\WINDOWS\SYSTEM32\apphelp.dll
0x00007ff8770a0000 - 0x00007ff87714b000 	C:\WINDOWS\system32\uxtheme.dll
0x00007ff87c5e0000 - 0x00007ff87c731000 	C:\WINDOWS\System32\MSCTF.dll
0x00007ff87acb0000 - 0x00007ff87ae50000 	C:\WINDOWS\System32\ole32.dll
0x00007ff877300000 - 0x00007ff87732b000 	C:\WINDOWS\system32\DWMAPI.DLL
0x00007ff853b40000 - 0x00007ff853bc7000 	C:\Program Files\Amazon Corretto\jdk17.0.10_7\bin\freetype.dll
0x00007ff8481e0000 - 0x00007ff8482b3000 	C:\Program Files\Amazon Corretto\jdk17.0.10_7\bin\fontmanager.dll
0x00007ff8498f0000 - 0x00007ff8499f0000 	C:\WINDOWS\system32\opengl32.dll
0x00007ff873ff0000 - 0x00007ff87401d000 	C:\WINDOWS\SYSTEM32\GLU32.dll
0x00007ff8771a0000 - 0x00007ff8771d9000 	C:\WINDOWS\SYSTEM32\dxcore.dll
0x00007ff846530000 - 0x00007ff8466d9000 	C:\WINDOWS\system32\d3d9.dll
0x00007ff870cd0000 - 0x00007ff870eab000 	C:\WINDOWS\System32\DriverStore\FileRepository\u0373661.inf_amd64_84f5580aaa963785\B373112\aticfx64.dll
0x00007ff85f4b0000 - 0x00007ff85f4e3000 	C:\WINDOWS\System32\DriverStore\FileRepository\u0373661.inf_amd64_84f5580aaa963785\B373112\atiu9p64.dll
0x00007fffdea20000 - 0x00007fffdf77a000 	C:\WINDOWS\System32\DriverStore\FileRepository\u0373661.inf_amd64_84f5580aaa963785\B373112\atiumd64.dll
0x0000000051870000 - 0x000000005273b000 	C:\WINDOWS\System32\DriverStore\FileRepository\u0373661.inf_amd64_84f5580aaa963785\B373112\atiumd6a.dll
0x00007ff86e3d0000 - 0x00007ff86e400000 	C:\WINDOWS\SYSTEM32\amdihk64.dll
0x00007ff873870000 - 0x00007ff8738ba000 	C:\WINDOWS\SYSTEM32\directxdatabasehelper.dll
0x00007ff87c490000 - 0x00007ff87c540000 	C:\WINDOWS\System32\clbcatq.dll
0x00007ff875510000 - 0x00007ff8756c0000 	C:\WINDOWS\SYSTEM32\WindowsCodecs.dll
0x00007ff833880000 - 0x00007ff8338de000 	C:\WINDOWS\system32\dataexchange.dll
0x00007ff872110000 - 0x00007ff872397000 	C:\WINDOWS\system32\twinapi.appcore.dll
0x00007ff862870000 - 0x00007ff8629ba000 	C:\WINDOWS\SYSTEM32\textinputframework.dll
0x00007ff876bf0000 - 0x00007ff876d24000 	C:\WINDOWS\SYSTEM32\CoreMessaging.dll
0x00007ff873200000 - 0x00007ff87356c000 	C:\WINDOWS\SYSTEM32\CoreUIComponents.dll
0x00007ff8792a0000 - 0x00007ff8792ac000 	C:\WINDOWS\SYSTEM32\CRYPTBASE.DLL

dbghelp: loaded successfully - version: 4.0.5 - missing functions: none
symbol engine: initialized successfully - sym options: 0x614 - pdb path: .;C:\Program Files\Amazon Corretto\jdk17.0.10_7\bin;C:\WINDOWS\SYSTEM32;C:\WINDOWS\WinSxS\amd64_microsoft.windows.common-controls_6595b64144ccf1df_6.0.22621.2506_none_270c5ae97388e100;C:\Program Files\Amazon Corretto\jdk17.0.10_7\bin\server;C:\WINDOWS\System32\DriverStore\FileRepository\u0373661.inf_amd64_84f5580aaa963785\B373112

VM Arguments:
jvm_args: -Dfile.encoding=UTF-8 
java_command: Business.ProfileWorkAreaMainFrame
java_class_path (initial): C:\Users\pikal\Documents\NetBeansProjects\University\ProfileWorkarea\lib\absolutelayout\velocity-tools-view-3.1.jar;C:\Users\pikal\Documents\NetBeansProjects\University\ProfileWorkarea\lib\absolutelayout\velocity-tools-view-jsp-3.0.jar;C:\Users\pikal\Documents\NetBeansProjects\University\ProfileWorkarea\lib\absolutelayout\velocity-engine-core-2.3.jar;C:\Users\pikal\Documents\NetBeansProjects\University\ProfileWorkarea\build\classes
Launcher Type: SUN_STANDARD

[Global flags]
     intx CICompilerCount                          = 4                                         {product} {ergonomic}
     uint ConcGCThreads                            = 3                                         {product} {ergonomic}
     uint G1ConcRefinementThreads                  = 10                                        {product} {ergonomic}
   size_t G1HeapRegionSize                         = 1048576                                   {product} {ergonomic}
    uintx GCDrainStackTargetSize                   = 64                                        {product} {ergonomic}
   size_t InitialHeapSize                          = 123731968                                 {product} {ergonomic}
   size_t MarkStackSize                            = 4194304                                   {product} {ergonomic}
   size_t MaxHeapSize                              = 1977614336                                {product} {ergonomic}
   size_t MaxNewSize                               = 1185939456                                {product} {ergonomic}
   size_t MinHeapDeltaBytes                        = 1048576                                   {product} {ergonomic}
   size_t MinHeapSize                              = 8388608                                   {product} {ergonomic}
    uintx NonNMethodCodeHeapSize                   = 5839372                                {pd product} {ergonomic}
    uintx NonProfiledCodeHeapSize                  = 122909434                              {pd product} {ergonomic}
    uintx ProfiledCodeHeapSize                     = 122909434                              {pd product} {ergonomic}
    uintx ReservedCodeCacheSize                    = 251658240                              {pd product} {ergonomic}
     bool SegmentedCodeCache                       = true                                      {product} {ergonomic}
   size_t SoftMaxHeapSize                          = 1977614336                             {manageable} {ergonomic}
     bool UseCompressedClassPointers               = true                           {product lp64_product} {ergonomic}
     bool UseCompressedOops                        = true                           {product lp64_product} {ergonomic}
     bool UseG1GC                                  = true                                      {product} {ergonomic}
     bool UseLargePagesIndividualAllocation        = false                                  {pd product} {ergonomic}

Logging:
Log output configuration:
 #0: stdout all=warning uptime,level,tags
 #1: stderr all=off uptime,level,tags

Environment Variables:
JAVA_HOME=C:\Program Files\Amazon Corretto\jdk17.0.10_7
PATH=C:\Program Files (x86)\Common Files\Oracle\Java\javapath;C:\Program Files\Amazon Corretto\jdk17.0.10_7\bin;C:\Program Files\NVIDIA GPU Computing Toolkit\CUDA\v12.3\bin;C:\Program Files\NVIDIA GPU Computing Toolkit\CUDA\v12.3\libnvvp;C:\Program Files (x86)\Common Files\Intel\Shared Libraries\redist\intel64\compiler;C:\windows\system32;C:\windows;C:\windows\System32\Wbem;C:\windows\System32\WindowsPowerShell\v1.0\;C:\windows\System32\OpenSSH\;C:\Program Files (x86)\NVIDIA Corporation\PhysX\Common;C:\Program Files\NVIDIA Corporation\NVIDIA NvDLISR;C:\WINDOWS\system32;C:\WINDOWS;C:\WINDOWS\System32\Wbem;C:\WINDOWS\System32\WindowsPowerShell\v1.0\;C:\WINDOWS\System32\OpenSSH\;C:\Program Files\nodejs\;C:\Program Files\Git\cmd;C:\Program Files\Docker\Docker\resources\bin;C:\Program Files\NVIDIA Corporation\Nsight Compute 2023.3.1\;C:\Users\pikal\anaconda3;C:\Users\pikal\anaconda3\Library\mingw-w64\bin;C:\Users\pikal\anaconda3\Library\usr\bin;C:\Users\pikal\anaconda3\Library\bin;C:\Users\pikal\anaconda3\Scripts;C:\Users\pikal\AppData\Local\Programs\Python\Python310\Scripts\;C:\Users\pikal\AppData\Local\Programs\Python\Python310\;C:\Users\pikal\AppData\Local\Programs\Python\Python311\Scripts\;C:\Users\pikal\AppData\Local\Programs\Python\Python311\;C:\Users\pikal\AppData\Local\Microsoft\WindowsApps;C:\Users\pikal\AppData\Local\Programs\Microsoft VS Code\bin;C:\Users\pikal\AppData\Local\Programs\Python\Python39;C:\Program Files\JetBrains\PyCharm Community Edition 2021.2.3\bin;;C:\Users\pikal\AppData\Roaming\npm;C:\Users\pikal\AppData\Local\Packages\PythonSoftwareFoundation.Python.3.9_qbz5n2kfra8p0\LocalCache\local-packages\Python39\Scripts;C:\Users\pikal\AppData\Local\Packages\PythonSoftwareFoundation.Python.3.9_qbz5n2kfra8p0\LocalCache\local-packages\Python39\site-packages\object_detection\protos;C:\Users\pikal\AppData\Local\GitHubDesktop\bin;C:\Program Files\NVIDIA GPU Computing Toolkit\CUDA\v10.0\bin;C:\Program Files\NVIDIA GPU Computing Toolkit\CUDA\v10.0\libnvvp;;C:\Pro
USERNAME=Ram
OS=Windows_NT
PROCESSOR_IDENTIFIER=AMD64 Family 23 Model 96 Stepping 1, AuthenticAMD
TMP=C:\Users\pikal\AppData\Local\Temp
TEMP=C:\Users\pikal\AppData\Local\Temp



Periodic native trim disabled


---------------  S Y S T E M  ---------------

OS:
 Windows 11 , 64 bit Build 22621 (10.0.22621.3085)
OS uptime: 13 days 4:08 hours
Hyper-V role detected

CPU: total 12 (initial active 12) (12 cores per cpu, 2 threads per core) family 23 model 96 stepping 1 microcode 0x0, cx8, cmov, fxsr, ht, mmx, 3dnowpref, sse, sse2, sse3, ssse3, sse4a, sse4.1, sse4.2, popcnt, lzcnt, tsc, tscinvbit, avx, avx2, aes, clmul, bmi1, bmi2, adx, sha, fma, vzeroupper, clflush, clflushopt, hv
Processor Information for all 12 processors :
  Max Mhz: 3000, Current Mhz: 3000, Mhz Limit: 3000

Memory: 4k page, system-wide physical 7541M (536M free)
TotalPageFile size 29680M (AvailPageFile size 34M)
current process WorkingSet (physical memory assigned to process): 130M, peak: 130M
current process commit charge ("private bytes"): 326M, peak: 328M

vm_info: OpenJDK 64-Bit Server VM (17.0.10+7-LTS) for windows-amd64 JRE (17.0.10+7-LTS), built on Jan 10 2024 22:11:07 by "Administrator" with MS VC++ 16.10 / 16.11 (VS2019)

END.
